Start auto log messages stack - Iteration 1.	[MsgId: MMSG-10545]
Action.c(50): web_add_auto_header("Sec-Fetch-Mode") started  	[MsgId: MMSG-26355]
Action.c(50): web_add_auto_header("Sec-Fetch-Mode") was successful  	[MsgId: MMSG-26392]
Action.c(53): web_add_auto_header("Sec-Fetch-Site") started  	[MsgId: MMSG-26355]
Action.c(53): web_add_auto_header("Sec-Fetch-Site") was successful  	[MsgId: MMSG-26392]
Action.c(56): lr_think_time: 4.00 seconds.	[MsgId: MMSG-15948]
Action.c(58): web_custom_request("token") started  	[MsgId: MMSG-26355]
Action.c(58): web_custom_request("token") was successful, 1802 body bytes, 627 header bytes, 12 chunking overhead bytes  	[MsgId: MMSG-26385]
Action.c(70): web_url("secQue") started  	[MsgId: MMSG-26355]
Action.c(70): Error -26630: HTTP Status-Code=401 (Unauthorized) for "https://www.ishatrainingsolutions.com/adminPortal/secQue", Snapshot Info [MSH 1 3]  	[MsgId: MERR-26630]
End auto log messages stack.	[MsgId: MMSG-10544]


Start auto log messages stack - Iteration 2.	[MsgId: MMSG-10545]
Action.c(50): web_add_auto_header("Sec-Fetch-Mode") started  	[MsgId: MMSG-26355]
Action.c(50): web_add_auto_header("Sec-Fetch-Mode") was successful  	[MsgId: MMSG-26392]
Action.c(53): web_add_auto_header("Sec-Fetch-Site") started  	[MsgId: MMSG-26355]
Action.c(53): web_add_auto_header("Sec-Fetch-Site") was successful  	[MsgId: MMSG-26392]
Action.c(56): lr_think_time: 4.00 seconds.	[MsgId: MMSG-15948]
Action.c(58): web_custom_request("token") started  	[MsgId: MMSG-26355]
Action.c(58): web_custom_request("token") was successful, 1802 body bytes, 626 header bytes, 12 chunking overhead bytes  	[MsgId: MMSG-26385]
Action.c(70): web_url("secQue") started  	[MsgId: MMSG-26355]
Action.c(70): Error -26630: HTTP Status-Code=401 (Unauthorized) for "https://www.ishatrainingsolutions.com/adminPortal/secQue", Snapshot Info [MSH 2 3]  	[MsgId: MERR-26630]
End auto log messages stack.	[MsgId: MMSG-10544]


Start auto log messages stack - Iteration 3.	[MsgId: MMSG-10545]
Action.c(50): web_add_auto_header("Sec-Fetch-Mode") started  	[MsgId: MMSG-26355]
Action.c(50): web_add_auto_header("Sec-Fetch-Mode") was successful  	[MsgId: MMSG-26392]
Action.c(53): web_add_auto_header("Sec-Fetch-Site") started  	[MsgId: MMSG-26355]
Action.c(53): web_add_auto_header("Sec-Fetch-Site") was successful  	[MsgId: MMSG-26392]
Action.c(56): lr_think_time: 4.00 seconds.	[MsgId: MMSG-15948]
Action.c(58): web_custom_request("token") started  	[MsgId: MMSG-26355]
Action.c(58): web_custom_request("token") was successful, 1802 body bytes, 627 header bytes, 12 chunking overhead bytes  	[MsgId: MMSG-26385]
Action.c(70): web_url("secQue") started  	[MsgId: MMSG-26355]
Action.c(70): Error -26630: HTTP Status-Code=401 (Unauthorized) for "https://www.ishatrainingsolutions.com/adminPortal/secQue", Snapshot Info [MSH 3 3]  	[MsgId: MERR-26630]
End auto log messages stack.	[MsgId: MMSG-10544]


Start auto log messages stack - Iteration 4.	[MsgId: MMSG-10545]
Action.c(50): web_add_auto_header("Sec-Fetch-Mode") started  	[MsgId: MMSG-26355]
Action.c(50): web_add_auto_header("Sec-Fetch-Mode") was successful  	[MsgId: MMSG-26392]
Action.c(53): web_add_auto_header("Sec-Fetch-Site") started  	[MsgId: MMSG-26355]
Action.c(53): web_add_auto_header("Sec-Fetch-Site") was successful  	[MsgId: MMSG-26392]
Action.c(56): lr_think_time: 4.00 seconds.	[MsgId: MMSG-15948]
Action.c(58): web_custom_request("token") started  	[MsgId: MMSG-26355]
Action.c(58): web_custom_request("token") was successful, 1802 body bytes, 626 header bytes, 12 chunking overhead bytes  	[MsgId: MMSG-26385]
Action.c(70): web_url("secQue") started  	[MsgId: MMSG-26355]
Action.c(70): Error -26630: HTTP Status-Code=401 (Unauthorized) for "https://www.ishatrainingsolutions.com/adminPortal/secQue", Snapshot Info [MSH 4 3]  	[MsgId: MERR-26630]
End auto log messages stack.	[MsgId: MMSG-10544]


Start auto log messages stack - Iteration 5.	[MsgId: MMSG-10545]
Action.c(50): web_add_auto_header("Sec-Fetch-Mode") started  	[MsgId: MMSG-26355]
Action.c(50): web_add_auto_header("Sec-Fetch-Mode") was successful  	[MsgId: MMSG-26392]
Action.c(53): web_add_auto_header("Sec-Fetch-Site") started  	[MsgId: MMSG-26355]
Action.c(53): web_add_auto_header("Sec-Fetch-Site") was successful  	[MsgId: MMSG-26392]
Action.c(56): lr_think_time: 4.00 seconds.	[MsgId: MMSG-15948]
Action.c(58): web_custom_request("token") started  	[MsgId: MMSG-26355]
Action.c(58): web_custom_request("token") was successful, 1802 body bytes, 626 header bytes, 12 chunking overhead bytes  	[MsgId: MMSG-26385]
Action.c(70): web_url("secQue") started  	[MsgId: MMSG-26355]
Action.c(70): Error -26630: HTTP Status-Code=401 (Unauthorized) for "https://www.ishatrainingsolutions.com/adminPortal/secQue", Snapshot Info [MSH 5 3]  	[MsgId: MERR-26630]
End auto log messages stack.	[MsgId: MMSG-10544]


